<?xml version="1.0" encoding="UTF-8"?>
<testng-results skipped="0" failed="0" ignored="0" total="1" passed="1">
  <reporter-output>
  </reporter-output>
  <suite name="Surefire suite" duration-ms="73598" started-at="2022-01-12T18:18:24Z" finished-at="2022-01-12T18:19:37Z">
    <groups>
      <group name="cucumber">
        <method signature="AbstractTestNGCucumberTests.runScenario(io.cucumber.testng.PickleWrapper, io.cucumber.testng.FeatureWrapper)[pri:0, instance:automationcraft.delivery.runners.nmarinucci.NMRunner@18be83e4]" name="runScenario" class="io.cucumber.testng.AbstractTestNGCucumberTests"/>
      </group> <!-- cucumber -->
    </groups>
    <test name="Surefire test" duration-ms="73598" started-at="2022-01-12T18:18:24Z" finished-at="2022-01-12T18:19:37Z">
      <class name="automationcraft.delivery.runners.nmarinucci.NMRunner">
        <test-method status="PASS" signature="setUpClass()[pri:0, instance:automationcraft.delivery.runners.nmarinucci.NMRunner@18be83e4]" name="setUpClass" is-config="true" duration-ms="933" started-at="2022-01-12T18:18:24Z" finished-at="2022-01-12T18:18:25Z">
          <reporter-output>
          </reporter-output>
        </test-method> <!-- setUpClass -->
        <test-method status="PASS" signature="runScenario(io.cucumber.testng.PickleWrapper, io.cucumber.testng.FeatureWrapper)[pri:0, instance:automationcraft.delivery.runners.nmarinucci.NMRunner@18be83e4]" name="runScenario" duration-ms="70374" started-at="2022-01-12T18:18:25Z" description="Runs Cucumber Scenarios" data-provider="scenarios" finished-at="2022-01-12T18:19:35Z">
          <params>
            <param index="0">
              <value>
                <![CDATA["CA-01 Limite de Stock de un producto"]]>
              </value>
            </param>
            <param index="1">
              <value>
                <![CDATA["Optional[Carrito de Compras]"]]>
              </value>
            </param>
          </params>
          <reporter-output>
          </reporter-output>
        </test-method> <!-- runScenario -->
        <test-method status="PASS" signature="tearDownClass()[pri:0, instance:automationcraft.delivery.runners.nmarinucci.NMRunner@18be83e4]" name="tearDownClass" is-config="true" duration-ms="2259" started-at="2022-01-12T18:19:35Z" finished-at="2022-01-12T18:19:37Z">
          <reporter-output>
          </reporter-output>
        </test-method> <!-- tearDownClass -->
      </class> <!-- automationcraft.delivery.runners.nmarinucci.NMRunner -->
    </test> <!-- Surefire test -->
  </suite> <!-- Surefire suite -->
</testng-results>
