<?xml version="1.0" encoding="UTF-8"?>
<testsuite xmlns:xsi="http://www.w3.org/2001/XMLSchema-instance" xsi:noNamespaceSchemaLocation="https://maven.apache.org/surefire/maven-surefire-plugin/xsd/surefire-test-report.xsd" name="TestSuite" time="30.827" tests="5" errors="0" skipped="0" failures="3">
  <properties>
[...]
</properties>
  <testcase name="runScenario" classname="automationcraft.delivery.runners.google.GRunner" time="8.317"/>
  <testcase name="runScenario" classname="automationcraft.delivery.runners.google.GRunner" time="3.613"/>
  <testcase name="runScenario" classname="automationcraft.delivery.runners.farmacia.FRunner" time="2.276">
    <failure message="Expected condition failed: waiting for element to be clickable: By.xpath: //*[@id=&quot;maincontent&quot;]/div[2]/div[1]/div[4]/div[2]/ol/li[1]/div/div[2]/div[2]/div/div[1]/form/button (tried for 2 second(s) with 500 milliseconds interval)" type="org.openqa.selenium.TimeoutException">org.openqa.selenium.TimeoutException: Expected condition failed: waiting for element to be clickable: By.xpath: //*[@id="maincontent"]/div[2]/div[1]/div[4]/div[2]/ol/li[1]/div/div[2]/div[2]/div/div[1]/form/button (tried for 2 second(s) with 500 milliseconds interval)
Caused by: org.openqa.selenium.NoSuchElementException: 
no such element: Unable to locate element: {"method":"xpath","selector":"//*[@id="maincontent"]/div[2]/div[1]/div[4]/div[2]/ol/li[1]/div/div[2]/div[2]/div/div[1]/form/button"}
  (Session info: chrome=97.0.4692.71)
For documentation on this error, please visit: https://www.seleniumhq.org/exceptions/no_such_element.html
Build info: version: '3.141.59', revision: 'e82be7d358', time: '2018-11-14T08:17:03'
System info: host: 'AR-NB-599', ip: '172.16.242.107', os.name: 'Windows 10', os.arch: 'amd64', os.version: '10.0', java.version: '1.8.0_202'
Driver info: org.openqa.selenium.chrome.ChromeDriver
Capabilities {acceptInsecureCerts: false, browserName: chrome, browserVersion: 97.0.4692.71, chrome: {chromedriverVersion: 97.0.4692.71 (adefa7837d02a..., userDataDir: C:\Users\FABRIC~1.FER\AppDa...}, goog:chromeOptions: {debuggerAddress: localhost:61964}, javascriptEnabled: true, networkConnectionEnabled: false, pageLoadStrategy: normal, platform: WINDOWS, platformName: WINDOWS, proxy: Proxy(), setWindowRect: true, strictFileInteractability: false, timeouts: {implicit: 0, pageLoad: 300000, script: 30000}, unhandledPromptBehavior: dismiss and notify, webauthn:extension:credBlob: true, webauthn:extension:largeBlob: true, webauthn:virtualAuthenticators: true}
Session ID: 2ba70954a5afd7db29d3d543c0724b92
*** Element info: {Using=xpath, value=//*[@id="maincontent"]/div[2]/div[1]/div[4]/div[2]/ol/li[1]/div/div[2]/div[2]/div/div[1]/form/button}
</failure>
    <system-out><![CDATA[
Scenario: Standard Search Two                    &amp#27;[90m# src/test/java/automationcraft/testcreation/google/features/googleSearch.feature:11&amp#27;[0m
browser value is: chrome
  &amp#27;[31mWhen &amp#27;[0m&amp#27;[31mpresiono el boton guardar&amp#27;[0m                                                                                    &amp#27;[90m# automationcraft.testcreation.farmacia.steps.CarritoDeCompraSteps.presiono_el_boton_guardar()&amp#27;[0m
      &amp#27;[31morg.openqa.selenium.TimeoutException: Expected condition failed: waiting for element to be clickable: By.xpath: //*[@id="maincontent"]/div[2]/div[1]/div[4]/div[2]/ol/li[1]/div/div[2]/div[2]/div/div[1]/form/button (tried for 2 second(s) with 500 milliseconds interval)
	at org.openqa.selenium.support.ui.WebDriverWait.timeoutException(WebDriverWait.java:95)
	at org.openqa.selenium.support.ui.FluentWait.until(FluentWait.java:272)
	at automationcraft.engine.selenium.SeleniumBase.click(SeleniumBase.java:72)
	at automationcraft.testcreation.farmacia.pages.CarritoDeCompraPages.guardarProducto(CarritoDeCompraPages.java:26)
	at automationcraft.testcreation.farmacia.steps.CarritoDeCompraSteps.presiono_el_boton_guardar(CarritoDeCompraSteps.java:19)
	at âœ½.presiono el boton guardar(file:///C:/Bootcamp2.6/src/test/java/automationcraft/testcreation/farmacia/features/CarritoDeCompra.feature:8)
Caused by: org.openqa.selenium.NoSuchElementException: no such element: Unable to locate element: {"method":"xpath","selector":"//*[@id="maincontent"]/div[2]/div[1]/div[4]/div[2]/ol/li[1]/div/div[2]/div[2]/div/div[1]/form/button"}
  (Session info: chrome=97.0.4692.71)
For documentation on this error, please visit: https://www.seleniumhq.org/exceptions/no_such_element.html
Build info: version: '3.141.59', revision: 'e82be7d358', time: '2018-11-14T08:17:03'
System info: host: 'AR-NB-599', ip: '172.16.242.107', os.name: 'Windows 10', os.arch: 'amd64', os.version: '10.0', java.version: '1.8.0_202'
Driver info: org.openqa.selenium.chrome.ChromeDriver
Capabilities {acceptInsecureCerts: false, browserName: chrome, browserVersion: 97.0.4692.71, chrome: {chromedriverVersion: 97.0.4692.71 (adefa7837d02a..., userDataDir: C:\Users\FABRIC~1.FER\AppDa...}, goog:chromeOptions: {debuggerAddress: localhost:61964}, javascriptEnabled: true, networkConnectionEnabled: false, pageLoadStrategy: normal, platform: WINDOWS, platformName: WINDOWS, proxy: Proxy(), setWindowRect: true, strictFileInteractability: false, timeouts: {implicit: 0, pageLoad: 300000, script: 30000}, unhandledPromptBehavior: dismiss and notify, webauthn:extension:credBlob: true, webauthn:extension:largeBlob: true, webauthn:virtualAuthenticators: true}
Session ID: 2ba70954a5afd7db29d3d543c0724b92
*** Element info: {Using=xpath, value=//*[@id="maincontent"]/div[2]/div[1]/div[4]/div[2]/ol/li[1]/div/div[2]/div[2]/div/div[1]/form/button}
	at sun.reflect.NativeConstructorAccessorImpl.newInstance0(Native Method)
	at sun.reflect.NativeConstructorAccessorImpl.newInstance(NativeConstructorAccessorImpl.java:62)
	at sun.reflect.DelegatingConstructorAccessorImpl.newInstance(DelegatingConstructorAccessorImpl.java:45)
	at java.lang.reflect.Constructor.newInstance(Constructor.java:423)
	at org.openqa.selenium.remote.http.W3CHttpResponseCodec.createException(W3CHttpResponseCodec.java:187)
	at org.openqa.selenium.remote.http.W3CHttpResponseCodec.decode(W3CHttpResponseCodec.java:122)
	at org.openqa.selenium.remote.http.W3CHttpResponseCodec.decode(W3CHttpResponseCodec.java:49)
	at org.openqa.selenium.remote.HttpCommandExecutor.execute(HttpCommandExecutor.java:158)
	at org.openqa.selenium.remote.service.DriverCommandExecutor.execute(DriverCommandExecutor.java:83)
	at org.openqa.selenium.remote.RemoteWebDriver.execute(RemoteWebDriver.java:552)
	at org.openqa.selenium.remote.RemoteWebDriver.findElement(RemoteWebDriver.java:323)
	at org.openqa.selenium.remote.RemoteWebDriver.findElementByXPath(RemoteWebDriver.java:428)
	at org.openqa.selenium.By$ByXPath.findElement(By.java:353)
	at org.openqa.selenium.remote.RemoteWebDriver.findElement(RemoteWebDriver.java:315)
	at org.openqa.selenium.support.ui.ExpectedConditions$7.apply(ExpectedConditions.java:205)
	at org.openqa.selenium.support.ui.ExpectedConditions$7.apply(ExpectedConditions.java:201)
	at org.openqa.selenium.support.ui.ExpectedConditions$22.apply(ExpectedConditions.java:641)
	at org.openqa.selenium.support.ui.ExpectedConditions$22.apply(ExpectedConditions.java:638)
	at org.openqa.selenium.support.ui.FluentWait.until(FluentWait.java:249)
	at automationcraft.engine.selenium.SeleniumBase.click(SeleniumBase.java:72)
	at automationcraft.testcreation.farmacia.pages.CarritoDeCompraPages.guardarProducto(CarritoDeCompraPages.java:26)
	at automationcraft.testcreation.farmacia.steps.CarritoDeCompraSteps.presiono_el_boton_guardar(CarritoDeCompraSteps.java:19)
	at sun.reflect.NativeMethodAccessorImpl.invoke0(Native Method)
	at sun.reflect.NativeMethodAccessorImpl.invoke(NativeMethodAccessorImpl.java:62)
	at sun.reflect.DelegatingMethodAccessorImpl.invoke(DelegatingMethodAccessorImpl.java:43)
	at java.lang.reflect.Method.invoke(Method.java:498)
	at io.cucumber.java.Invoker.doInvoke(Invoker.java:66)
	at io.cucumber.java.Invoker.invoke(Invoker.java:24)
	at io.cucumber.java.AbstractGlueDefinition.invokeMethod(AbstractGlueDefinition.java:47)
	at io.cucumber.java.JavaStepDefinition.execute(JavaStepDefinition.java:29)
	at io.cucumber.core.runner.CoreStepDefinition.execute(CoreStepDefinition.java:66)
	at io.cucumber.core.runner.PickleStepDefinitionMatch.runStep(PickleStepDefinitionMatch.java:63)
	at io.cucumber.core.runner.ExecutionMode$1.execute(ExecutionMode.java:10)
	at io.cucumber.core.runner.TestStep.executeStep(TestStep.java:92)
	at io.cucumber.core.runner.TestStep.run(TestStep.java:64)
	at io.cucumber.core.runner.PickleStepTestStep.run(PickleStepTestStep.java:51)
	at io.cucumber.core.runner.TestCase.run(TestCase.java:104)
	at io.cucumber.core.runner.Runner.runPickle(Runner.java:71)
	at io.cucumber.testng.TestNGCucumberRunner.lambda$runScenario$0(TestNGCucumberRunner.java:116)
	at io.cucumber.core.runtime.CucumberExecutionContext.runTestCase(CucumberExecutionContext.java:117)
	at io.cucumber.testng.TestNGCucumberRunner.runScenario(TestNGCucumberRunner.java:113)
	at io.cucumber.testng.AbstractTestNGCucumberTests.runScenario(AbstractTestNGCucumberTests.java:31)
	at sun.reflect.NativeMethodAccessorImpl.invoke0(Native Method)
	at sun.reflect.NativeMethodAccessorImpl.invoke(NativeMethodAccessorImpl.java:62)
	at sun.reflect.DelegatingMethodAccessorImpl.invoke(DelegatingMethodAccessorImpl.java:43)
	at java.lang.reflect.Method.invoke(Method.java:498)
	at org.testng.internal.MethodInvocationHelper.invokeMethod(MethodInvocationHelper.java:124)
	at org.testng.internal.Invoker.invokeMethod(Invoker.java:583)
	at org.testng.internal.Invoker.invokeTestMethod(Invoker.java:719)
	at org.testng.internal.Invoker.invokeTestMethods(Invoker.java:989)
	at org.testng.internal.TestMethodWorker.invokeTestMethods(TestMethodWorker.java:125)
	at org.testng.internal.TestMethodWorker.run(TestMethodWorker.java:109)
	at java.util.concurrent.ThreadPoolExecutor.runWorker(ThreadPoolExecutor.java:1149)
	at java.util.concurrent.ThreadPoolExecutor$Worker.run(ThreadPoolExecutor.java:624)
	at java.lang.Thread.run(Thread.java:748)
&amp#27;[0m
  &amp#27;[36mThen &amp#27;[0m&amp#27;[36mse debe agregar correctamente el producto al carrito&amp#27;[0m                                                         &amp#27;[90m# automationcraft.testcreation.farmacia.steps.CarritoDeCompraSteps.se_debe_agregar_correctamente_el_producto_al_carrito()&amp#27;[0m
  &amp#27;[36mAnd &amp#27;[0m&amp#27;[36mver el carrito de compra en pantalla&amp#27;[0m                                                                          &amp#27;[90m# automationcraft.testcreation.farmacia.steps.CarritoDeCompraSteps.ver_el_carrito_de_compra_en_pantalla()&amp#27;[0m
  &amp#27;[36mGiven &amp#27;[0m&amp#27;[36mque el cliente estÃ¡ el en carrito de compras con al menos &amp#27;[0m&amp#27;[36m&amp#27;[1m1&amp#27;[0m&amp#27;[36m producto&amp#27;[0m                                        &amp#27;[90m# automationcraft.testcreation.farmacia.steps.CarritoDeCompraSteps.queElClienteEstÃ¡ElEnCarritoDeComprasConAlMenosProducto(int)&amp#27;[0m
  &amp#27;[36mWhen &amp#27;[0m&amp#27;[36mel cliente aumenta la cantidad a pedir del producto a un nÃºmero mayor de &amp#27;[0m&amp#27;[36m&amp#27;[1m10&amp#27;[0m                                  &amp#27;[90m# automationcraft.testcreation.farmacia.steps.CarritoDeCompraSteps.el_cliente_aumenta_la_cantidad_a_pedir_del_producto_a_un_nÃºmero_mayor_de(java.lang.Integer)&amp#27;[0m
  &amp#27;[36mAnd &amp#27;[0m&amp#27;[36mhace clic en &amp#27;[0m&amp#27;[36m&amp#27;[1m"Actualizar la Compra"&amp#27;[0m                                                                           &amp#27;[90m# automationcraft.testcreation.farmacia.steps.CarritoDeCompraSteps.hace_clic_en(java.lang.String)&amp#27;[0m
  &amp#27;[36mThen &amp#27;[0m&amp#27;[36mse debe mostrar un popup que dice &amp#27;[0m&amp#27;[36m&amp#27;[1m"AtenciÃ³n Has excedido el nÃºmero mÃ¡ximo de unidades que puedes solicitar."&amp#27;[0m &amp#27;[90m# automationcraft.testcreation.farmacia.steps.CarritoDeCompraSteps.se_debe_mostrar_un_popup_que_dice(java.lang.String)&amp#27;[0m

    Embedding CA-01_-_LÃ­mite_de_Stock_de_un_producto [image/png 47358 bytes]

]]></system-out>
    <system-err><![CDATA[Starting ChromeDriver 97.0.4692.71 (adefa7837d02a07a604c1e6eff0b3a09422ab88d-refs/branch-heads/4692@{#1247}) on port 28643
Only local connections are allowed.
Please see https://chromedriver.chromium.org/security-considerations for suggestions on keeping ChromeDriver safe.
ChromeDriver was started successfully.
ene 12, 2022 2:30:43 AM org.openqa.selenium.remote.ProtocolHandshake createSession
INFORMACIÓN: Detected dialect: W3C
]]></system-err>
  </testcase>
  <testcase name="runScenario" classname="automationcraft.delivery.runners.farmacia.FRunner" time="7.853">
    <failure message="Expected condition failed: waiting for element to be clickable: By.xpath: //*[@id=&quot;maincontent&quot;]/div[2]/div[1]/div[4]/div[2]/ol/li[1]/div/div[2]/div[2]/div/div[1]/form/button (tried for 2 second(s) with 500 milliseconds interval)" type="org.openqa.selenium.TimeoutException">org.openqa.selenium.TimeoutException: Expected condition failed: waiting for element to be clickable: By.xpath: //*[@id="maincontent"]/div[2]/div[1]/div[4]/div[2]/ol/li[1]/div/div[2]/div[2]/div/div[1]/form/button (tried for 2 second(s) with 500 milliseconds interval)
Caused by: org.openqa.selenium.NoSuchElementException: 
no such element: Unable to locate element: {"method":"xpath","selector":"//*[@id="maincontent"]/div[2]/div[1]/div[4]/div[2]/ol/li[1]/div/div[2]/div[2]/div/div[1]/form/button"}
  (Session info: chrome=97.0.4692.71)
For documentation on this error, please visit: https://www.seleniumhq.org/exceptions/no_such_element.html
Build info: version: '3.141.59', revision: 'e82be7d358', time: '2018-11-14T08:17:03'
System info: host: 'AR-NB-599', ip: '172.16.242.107', os.name: 'Windows 10', os.arch: 'amd64', os.version: '10.0', java.version: '1.8.0_202'
Driver info: org.openqa.selenium.chrome.ChromeDriver
Capabilities {acceptInsecureCerts: false, browserName: chrome, browserVersion: 97.0.4692.71, chrome: {chromedriverVersion: 97.0.4692.71 (adefa7837d02a..., userDataDir: C:\Users\FABRIC~1.FER\AppDa...}, goog:chromeOptions: {debuggerAddress: localhost:62044}, javascriptEnabled: true, networkConnectionEnabled: false, pageLoadStrategy: normal, platform: WINDOWS, platformName: WINDOWS, proxy: Proxy(), setWindowRect: true, strictFileInteractability: false, timeouts: {implicit: 0, pageLoad: 300000, script: 30000}, unhandledPromptBehavior: dismiss and notify, webauthn:extension:credBlob: true, webauthn:extension:largeBlob: true, webauthn:virtualAuthenticators: true}
Session ID: 9a2686fea0c4fd818af42e330f578372
*** Element info: {Using=xpath, value=//*[@id="maincontent"]/div[2]/div[1]/div[4]/div[2]/ol/li[1]/div/div[2]/div[2]/div/div[1]/form/button}
</failure>
    <system-out><![CDATA[  &amp#27;[31mWhen &amp#27;[0m&amp#27;[31mpresiono el boton guardar&amp#27;[0m                                                                                                                                                                  &amp#27;[90m# automationcraft.testcreation.farmacia.steps.CarritoDeCompraSteps.presiono_el_boton_guardar()&amp#27;[0m
      &amp#27;[31morg.openqa.selenium.TimeoutException: Expected condition failed: waiting for element to be clickable: By.xpath: //*[@id="maincontent"]/div[2]/div[1]/div[4]/div[2]/ol/li[1]/div/div[2]/div[2]/div/div[1]/form/button (tried for 2 second(s) with 500 milliseconds interval)
	at org.openqa.selenium.support.ui.WebDriverWait.timeoutException(WebDriverWait.java:95)
	at org.openqa.selenium.support.ui.FluentWait.until(FluentWait.java:272)
	at automationcraft.engine.selenium.SeleniumBase.click(SeleniumBase.java:72)
	at automationcraft.testcreation.farmacia.pages.CarritoDeCompraPages.guardarProducto(CarritoDeCompraPages.java:26)
	at automationcraft.testcreation.farmacia.steps.CarritoDeCompraSteps.presiono_el_boton_guardar(CarritoDeCompraSteps.java:19)
	at âœ½.presiono el boton guardar(file:///C:/Bootcamp2.6/src/test/java/automationcraft/testcreation/farmacia/features/CarritoDeCompra.feature:8)
Caused by: org.openqa.selenium.NoSuchElementException: no such element: Unable to locate element: {"method":"xpath","selector":"//*[@id="maincontent"]/div[2]/div[1]/div[4]/div[2]/ol/li[1]/div/div[2]/div[2]/div/div[1]/form/button"}
  (Session info: chrome=97.0.4692.71)
For documentation on this error, please visit: https://www.seleniumhq.org/exceptions/no_such_element.html
Build info: version: '3.141.59', revision: 'e82be7d358', time: '2018-11-14T08:17:03'
System info: host: 'AR-NB-599', ip: '172.16.242.107', os.name: 'Windows 10', os.arch: 'amd64', os.version: '10.0', java.version: '1.8.0_202'
Driver info: org.openqa.selenium.chrome.ChromeDriver
Capabilities {acceptInsecureCerts: false, browserName: chrome, browserVersion: 97.0.4692.71, chrome: {chromedriverVersion: 97.0.4692.71 (adefa7837d02a..., userDataDir: C:\Users\FABRIC~1.FER\AppDa...}, goog:chromeOptions: {debuggerAddress: localhost:62044}, javascriptEnabled: true, networkConnectionEnabled: false, pageLoadStrategy: normal, platform: WINDOWS, platformName: WINDOWS, proxy: Proxy(), setWindowRect: true, strictFileInteractability: false, timeouts: {implicit: 0, pageLoad: 300000, script: 30000}, unhandledPromptBehavior: dismiss and notify, webauthn:extension:credBlob: true, webauthn:extension:largeBlob: true, webauthn:virtualAuthenticators: true}
Session ID: 9a2686fea0c4fd818af42e330f578372
*** Element info: {Using=xpath, value=//*[@id="maincontent"]/div[2]/div[1]/div[4]/div[2]/ol/li[1]/div/div[2]/div[2]/div/div[1]/form/button}
	at sun.reflect.NativeConstructorAccessorImpl.newInstance0(Native Method)
	at sun.reflect.NativeConstructorAccessorImpl.newInstance(NativeConstructorAccessorImpl.java:62)
	at sun.reflect.DelegatingConstructorAccessorImpl.newInstance(DelegatingConstructorAccessorImpl.java:45)
	at java.lang.reflect.Constructor.newInstance(Constructor.java:423)
	at org.openqa.selenium.remote.http.W3CHttpResponseCodec.createException(W3CHttpResponseCodec.java:187)
	at org.openqa.selenium.remote.http.W3CHttpResponseCodec.decode(W3CHttpResponseCodec.java:122)
	at org.openqa.selenium.remote.http.W3CHttpResponseCodec.decode(W3CHttpResponseCodec.java:49)
	at org.openqa.selenium.remote.HttpCommandExecutor.execute(HttpCommandExecutor.java:158)
	at org.openqa.selenium.remote.service.DriverCommandExecutor.execute(DriverCommandExecutor.java:83)
	at org.openqa.selenium.remote.RemoteWebDriver.execute(RemoteWebDriver.java:552)
	at org.openqa.selenium.remote.RemoteWebDriver.findElement(RemoteWebDriver.java:323)
	at org.openqa.selenium.remote.RemoteWebDriver.findElementByXPath(RemoteWebDriver.java:428)
	at org.openqa.selenium.By$ByXPath.findElement(By.java:353)
	at org.openqa.selenium.remote.RemoteWebDriver.findElement(RemoteWebDriver.java:315)
	at org.openqa.selenium.support.ui.ExpectedConditions$7.apply(ExpectedConditions.java:205)
	at org.openqa.selenium.support.ui.ExpectedConditions$7.apply(ExpectedConditions.java:201)
	at org.openqa.selenium.support.ui.ExpectedConditions$22.apply(ExpectedConditions.java:641)
	at org.openqa.selenium.support.ui.ExpectedConditions$22.apply(ExpectedConditions.java:638)
	at org.openqa.selenium.support.ui.FluentWait.until(FluentWait.java:249)
	at automationcraft.engine.selenium.SeleniumBase.click(SeleniumBase.java:72)
	at automationcraft.testcreation.farmacia.pages.CarritoDeCompraPages.guardarProducto(CarritoDeCompraPages.java:26)
	at automationcraft.testcreation.farmacia.steps.CarritoDeCompraSteps.presiono_el_boton_guardar(CarritoDeCompraSteps.java:19)
	at sun.reflect.NativeMethodAccessorImpl.invoke0(Native Method)
	at sun.reflect.NativeMethodAccessorImpl.invoke(NativeMethodAccessorImpl.java:62)
	at sun.reflect.DelegatingMethodAccessorImpl.invoke(DelegatingMethodAccessorImpl.java:43)
	at java.lang.reflect.Method.invoke(Method.java:498)
	at io.cucumber.java.Invoker.doInvoke(Invoker.java:66)
	at io.cucumber.java.Invoker.invoke(Invoker.java:24)
	at io.cucumber.java.AbstractGlueDefinition.invokeMethod(AbstractGlueDefinition.java:47)
	at io.cucumber.java.JavaStepDefinition.execute(JavaStepDefinition.java:29)
	at io.cucumber.core.runner.CoreStepDefinition.execute(CoreStepDefinition.java:66)
	at io.cucumber.core.runner.PickleStepDefinitionMatch.runStep(PickleStepDefinitionMatch.java:63)
	at io.cucumber.core.runner.ExecutionMode$1.execute(ExecutionMode.java:10)
	at io.cucumber.core.runner.TestStep.executeStep(TestStep.java:92)
	at io.cucumber.core.runner.TestStep.run(TestStep.java:64)
	at io.cucumber.core.runner.PickleStepTestStep.run(PickleStepTestStep.java:51)
	at io.cucumber.core.runner.TestCase.run(TestCase.java:104)
	at io.cucumber.core.runner.Runner.runPickle(Runner.java:71)
	at io.cucumber.testng.TestNGCucumberRunner.lambda$runScenario$0(TestNGCucumberRunner.java:116)
	at io.cucumber.core.runtime.CucumberExecutionContext.runTestCase(CucumberExecutionContext.java:117)
	at io.cucumber.testng.TestNGCucumberRunner.runScenario(TestNGCucumberRunner.java:113)
	at io.cucumber.testng.AbstractTestNGCucumberTests.runScenario(AbstractTestNGCucumberTests.java:31)
	at sun.reflect.NativeMethodAccessorImpl.invoke0(Native Method)
	at sun.reflect.NativeMethodAccessorImpl.invoke(NativeMethodAccessorImpl.java:62)
	at sun.reflect.DelegatingMethodAccessorImpl.invoke(DelegatingMethodAccessorImpl.java:43)
	at java.lang.reflect.Method.invoke(Method.java:498)
	at org.testng.internal.MethodInvocationHelper.invokeMethod(MethodInvocationHelper.java:124)
	at org.testng.internal.Invoker.invokeMethod(Invoker.java:583)
	at org.testng.internal.Invoker.invokeTestMethod(Invoker.java:719)
	at org.testng.internal.Invoker.invokeTestMethods(Invoker.java:989)
	at org.testng.internal.TestMethodWorker.invokeTestMethods(TestMethodWorker.java:125)
	at org.testng.internal.TestMethodWorker.run(TestMethodWorker.java:109)
	at java.util.concurrent.ThreadPoolExecutor.runWorker(ThreadPoolExecutor.java:1149)
	at java.util.concurrent.ThreadPoolExecutor$Worker.run(ThreadPoolExecutor.java:624)
	at java.lang.Thread.run(Thread.java:748)
&amp#27;[0m
  &amp#27;[36mThen &amp#27;[0m&amp#27;[36mse debe agregar correctamente el producto al carrito&amp#27;[0m                                                                                                                                       &amp#27;[90m# automationcraft.testcreation.farmacia.steps.CarritoDeCompraSteps.se_debe_agregar_correctamente_el_producto_al_carrito()&amp#27;[0m
  &amp#27;[36mAnd &amp#27;[0m&amp#27;[36mver el carrito de compra en pantalla&amp#27;[0m                                                                                                                                                        &amp#27;[90m# automationcraft.testcreation.farmacia.steps.CarritoDeCompraSteps.ver_el_carrito_de_compra_en_pantalla()&amp#27;[0m
  &amp#27;[36mGiven &amp#27;[0m&amp#27;[36mque el cliente estÃ¡ el en carrito de compras con al menos &amp#27;[0m&amp#27;[36m&amp#27;[1m1&amp#27;[0m&amp#27;[36m producto&amp#27;[0m                                                                                                                      &amp#27;[90m# automationcraft.testcreation.farmacia.steps.CarritoDeCompraSteps.queElClienteEstÃ¡ElEnCarritoDeComprasConAlMenosProducto(int)&amp#27;[0m
  &amp#27;[36mThen &amp#27;[0m&amp#27;[36men cada artÃ­culo que estÃ© asociado a un producto con receta mÃ©dica debe aparecer un mensaje de alerta &amp#27;[0m&amp#27;[36m&amp#27;[1m"Este medicamento requiere receta mÃ©dica. Es necesario subirla en el paso siguiente"&amp#27;[0m &amp#27;[90m# automationcraft.testcreation.farmacia.steps.CarritoDeCompraSteps.en_cada_artÃ­culo_que_estÃ©_asociado_a_un_producto_con_receta_mÃ©dica_debe_aparecer_un_mensaje_de_alerta(java.lang.String)&amp#27;[0m

    Embedding CA-02_-_Producto_con_Receta_MÃ©dica [image/png 47358 bytes]

]]></system-out>
    <system-err><![CDATA[ene 12, 2022 2:30:48 AM tech.grasshopper.pdf.PDFCucumberReport collectReportConfiguration
INFORMACIÓN: PDF report configuration YAML file not found. Using default settings.
&amp#27;[32m&amp#27;[1m?????????????????????????????????????????????????????????????????????????????????????&amp#27;[0m
&amp#27;[32m&amp#27;[1m?&amp#27;[0m Share your Cucumber Report with your team at &amp#27;[36m&amp#27;[1m&amp#27;[4mhttps://reports.cucumber.io&amp#27;[0m          &amp#27;[32m&amp#27;[1m?&amp#27;[0m
&amp#27;[32m&amp#27;[1m?&amp#27;[0m Activate publishing with one of the following:                                    &amp#27;[32m&amp#27;[1m?&amp#27;[0m
&amp#27;[32m&amp#27;[1m?&amp#27;[0m                                                                                   &amp#27;[32m&amp#27;[1m?&amp#27;[0m
&amp#27;[32m&amp#27;[1m?&amp#27;[0m src/test/resources/cucumber.properties:          &amp#27;[36mcucumber.publish.enabled&amp#27;[0m=&amp#27;[36mtrue&amp#27;[0m    &amp#27;[32m&amp#27;[1m?&amp#27;[0m
&amp#27;[32m&amp#27;[1m?&amp#27;[0m src/test/resources/junit-platform.properties:    &amp#27;[36mcucumber.publish.enabled&amp#27;[0m=&amp#27;[36mtrue&amp#27;[0m    &amp#27;[32m&amp#27;[1m?&amp#27;[0m
&amp#27;[32m&amp#27;[1m?&amp#27;[0m Environment variable:                            &amp#27;[36mCUCUMBER_PUBLISH_ENABLED&amp#27;[0m=&amp#27;[36mtrue&amp#27;[0m    &amp#27;[32m&amp#27;[1m?&amp#27;[0m
&amp#27;[32m&amp#27;[1m?&amp#27;[0m JUnit:                                           &amp#27;[36m@CucumberOptions&amp#27;[0m(publish = &amp#27;[36mtrue&amp#27;[0m) &amp#27;[32m&amp#27;[1m?&amp#27;[0m
&amp#27;[32m&amp#27;[1m?&amp#27;[0m                                                                                   &amp#27;[32m&amp#27;[1m?&amp#27;[0m
&amp#27;[32m&amp#27;[1m?&amp#27;[0m More information at &amp#27;[36mhttps://reports.cucumber.io/docs/cucumber-jvm&amp#27;[0m                 &amp#27;[32m&amp#27;[1m?&amp#27;[0m
&amp#27;[32m&amp#27;[1m?&amp#27;[0m                                                                                   &amp#27;[32m&amp#27;[1m?&amp#27;[0m
&amp#27;[32m&amp#27;[1m?&amp#27;[0m Disable this message with one of the following:                                   &amp#27;[32m&amp#27;[1m?&amp#27;[0m
&amp#27;[32m&amp#27;[1m?&amp#27;[0m                                                                                   &amp#27;[32m&amp#27;[1m?&amp#27;[0m
&amp#27;[32m&amp#27;[1m?&amp#27;[0m src/test/resources/cucumber.properties:          &amp#27;[36mcucumber.publish.quiet&amp#27;[0m=&amp#27;[36mtrue&amp#27;[0m      &amp#27;[32m&amp#27;[1m?&amp#27;[0m
&amp#27;[32m&amp#27;[1m?&amp#27;[0m src/test/resources/junit-platform.properties:    &amp#27;[36mcucumber.publish.quiet&amp#27;[0m=&amp#27;[36mtrue&amp#27;[0m      &amp#27;[32m&amp#27;[1m?&amp#27;[0m
&amp#27;[32m&amp#27;[1m?????????????????????????????????????????????????????????????????????????????????????&amp#27;[0m
]]></system-err>
  </testcase>
  <testcase name="runScenario" classname="automationcraft.delivery.runners.farmacia.FRunner" time="8.229">
    <failure message="Expected condition failed: waiting for element to be clickable: By.xpath: //*[@id=&quot;maincontent&quot;]/div[2]/div[1]/div[4]/div[2]/ol/li[1]/div/div[2]/div[2]/div/div[1]/form/button (tried for 2 second(s) with 500 milliseconds interval)" type="org.openqa.selenium.TimeoutException">org.openqa.selenium.TimeoutException: Expected condition failed: waiting for element to be clickable: By.xpath: //*[@id="maincontent"]/div[2]/div[1]/div[4]/div[2]/ol/li[1]/div/div[2]/div[2]/div/div[1]/form/button (tried for 2 second(s) with 500 milliseconds interval)
Caused by: org.openqa.selenium.NoSuchElementException: 
no such element: Unable to locate element: {"method":"xpath","selector":"//*[@id="maincontent"]/div[2]/div[1]/div[4]/div[2]/ol/li[1]/div/div[2]/div[2]/div/div[1]/form/button"}
  (Session info: chrome=97.0.4692.71)
For documentation on this error, please visit: https://www.seleniumhq.org/exceptions/no_such_element.html
Build info: version: '3.141.59', revision: 'e82be7d358', time: '2018-11-14T08:17:03'
System info: host: 'AR-NB-599', ip: '172.16.242.107', os.name: 'Windows 10', os.arch: 'amd64', os.version: '10.0', java.version: '1.8.0_202'
Driver info: org.openqa.selenium.chrome.ChromeDriver
Capabilities {acceptInsecureCerts: false, browserName: chrome, browserVersion: 97.0.4692.71, chrome: {chromedriverVersion: 97.0.4692.71 (adefa7837d02a..., userDataDir: C:\Users\FABRIC~1.FER\AppDa...}, goog:chromeOptions: {debuggerAddress: localhost:62079}, javascriptEnabled: true, networkConnectionEnabled: false, pageLoadStrategy: normal, platform: WINDOWS, platformName: WINDOWS, proxy: Proxy(), setWindowRect: true, strictFileInteractability: false, timeouts: {implicit: 0, pageLoad: 300000, script: 30000}, unhandledPromptBehavior: dismiss and notify, webauthn:extension:credBlob: true, webauthn:extension:largeBlob: true, webauthn:virtualAuthenticators: true}
Session ID: ba2e66d7ea3eda633941816b6864ab19
*** Element info: {Using=xpath, value=//*[@id="maincontent"]/div[2]/div[1]/div[4]/div[2]/ol/li[1]/div/div[2]/div[2]/div/div[1]/form/button}
</failure>
    <system-out><![CDATA[
Scenario: CA-03 - Tarjeta CMR                                                                                                                                                                                         &amp#27;[90m# src/test/java/automationcraft/testcreation/farmacia/features/CarritoDeCompra.feature:22&amp#27;[0m
browser value is: chrome
  &amp#27;[32mGiven &amp#27;[0m&amp#27;[32mque estoy en la url &amp#27;[0m&amp#27;[32m&amp#27;[1m"https://www.farmaciasahumada.cl/catalogsearch/result/?q=bromex"&amp#27;[0m                                                                                                                          &amp#27;[90m# automationcraft.testcreation.farmacia.steps.CarritoDeCompraSteps.que_estoy_en_la_url(java.lang.String)&amp#27;[0m
  &amp#27;[31mWhen &amp#27;[0m&amp#27;[31mpresiono el boton guardar&amp#27;[0m                                                                                                                                                                                      &amp#27;[90m# automationcraft.testcreation.farmacia.steps.CarritoDeCompraSteps.presiono_el_boton_guardar()&amp#27;[0m
      &amp#27;[31morg.openqa.selenium.TimeoutException: Expected condition failed: waiting for element to be clickable: By.xpath: //*[@id="maincontent"]/div[2]/div[1]/div[4]/div[2]/ol/li[1]/div/div[2]/div[2]/div/div[1]/form/button (tried for 2 second(s) with 500 milliseconds interval)
	at org.openqa.selenium.support.ui.WebDriverWait.timeoutException(WebDriverWait.java:95)
	at org.openqa.selenium.support.ui.FluentWait.until(FluentWait.java:272)
	at automationcraft.engine.selenium.SeleniumBase.click(SeleniumBase.java:72)
	at automationcraft.testcreation.farmacia.pages.CarritoDeCompraPages.guardarProducto(CarritoDeCompraPages.java:26)
	at automationcraft.testcreation.farmacia.steps.CarritoDeCompraSteps.presiono_el_boton_guardar(CarritoDeCompraSteps.java:19)
	at âœ½.presiono el boton guardar(file:///C:/Bootcamp2.6/src/test/java/automationcraft/testcreation/farmacia/features/CarritoDeCompra.feature:8)
Caused by: org.openqa.selenium.NoSuchElementException: no such element: Unable to locate element: {"method":"xpath","selector":"//*[@id="maincontent"]/div[2]/div[1]/div[4]/div[2]/ol/li[1]/div/div[2]/div[2]/div/div[1]/form/button"}
  (Session info: chrome=97.0.4692.71)
For documentation on this error, please visit: https://www.seleniumhq.org/exceptions/no_such_element.html
Build info: version: '3.141.59', revision: 'e82be7d358', time: '2018-11-14T08:17:03'
System info: host: 'AR-NB-599', ip: '172.16.242.107', os.name: 'Windows 10', os.arch: 'amd64', os.version: '10.0', java.version: '1.8.0_202'
Driver info: org.openqa.selenium.chrome.ChromeDriver
Capabilities {acceptInsecureCerts: false, browserName: chrome, browserVersion: 97.0.4692.71, chrome: {chromedriverVersion: 97.0.4692.71 (adefa7837d02a..., userDataDir: C:\Users\FABRIC~1.FER\AppDa...}, goog:chromeOptions: {debuggerAddress: localhost:62079}, javascriptEnabled: true, networkConnectionEnabled: false, pageLoadStrategy: normal, platform: WINDOWS, platformName: WINDOWS, proxy: Proxy(), setWindowRect: true, strictFileInteractability: false, timeouts: {implicit: 0, pageLoad: 300000, script: 30000}, unhandledPromptBehavior: dismiss and notify, webauthn:extension:credBlob: true, webauthn:extension:largeBlob: true, webauthn:virtualAuthenticators: true}
Session ID: ba2e66d7ea3eda633941816b6864ab19
*** Element info: {Using=xpath, value=//*[@id="maincontent"]/div[2]/div[1]/div[4]/div[2]/ol/li[1]/div/div[2]/div[2]/div/div[1]/form/button}
	at sun.reflect.NativeConstructorAccessorImpl.newInstance0(Native Method)
	at sun.reflect.NativeConstructorAccessorImpl.newInstance(NativeConstructorAccessorImpl.java:62)
	at sun.reflect.DelegatingConstructorAccessorImpl.newInstance(DelegatingConstructorAccessorImpl.java:45)
	at java.lang.reflect.Constructor.newInstance(Constructor.java:423)
	at org.openqa.selenium.remote.http.W3CHttpResponseCodec.createException(W3CHttpResponseCodec.java:187)
	at org.openqa.selenium.remote.http.W3CHttpResponseCodec.decode(W3CHttpResponseCodec.java:122)
	at org.openqa.selenium.remote.http.W3CHttpResponseCodec.decode(W3CHttpResponseCodec.java:49)
	at org.openqa.selenium.remote.HttpCommandExecutor.execute(HttpCommandExecutor.java:158)
	at org.openqa.selenium.remote.service.DriverCommandExecutor.execute(DriverCommandExecutor.java:83)
	at org.openqa.selenium.remote.RemoteWebDriver.execute(RemoteWebDriver.java:552)
	at org.openqa.selenium.remote.RemoteWebDriver.findElement(RemoteWebDriver.java:323)
	at org.openqa.selenium.remote.RemoteWebDriver.findElementByXPath(RemoteWebDriver.java:428)
	at org.openqa.selenium.By$ByXPath.findElement(By.java:353)
	at org.openqa.selenium.remote.RemoteWebDriver.findElement(RemoteWebDriver.java:315)
	at org.openqa.selenium.support.ui.ExpectedConditions$7.apply(ExpectedConditions.java:205)
	at org.openqa.selenium.support.ui.ExpectedConditions$7.apply(ExpectedConditions.java:201)
	at org.openqa.selenium.support.ui.ExpectedConditions$22.apply(ExpectedConditions.java:641)
	at org.openqa.selenium.support.ui.ExpectedConditions$22.apply(ExpectedConditions.java:638)
	at org.openqa.selenium.support.ui.FluentWait.until(FluentWait.java:249)
	at automationcraft.engine.selenium.SeleniumBase.click(SeleniumBase.java:72)
	at automationcraft.testcreation.farmacia.pages.CarritoDeCompraPages.guardarProducto(CarritoDeCompraPages.java:26)
	at automationcraft.testcreation.farmacia.steps.CarritoDeCompraSteps.presiono_el_boton_guardar(CarritoDeCompraSteps.java:19)
	at sun.reflect.NativeMethodAccessorImpl.invoke0(Native Method)
	at sun.reflect.NativeMethodAccessorImpl.invoke(NativeMethodAccessorImpl.java:62)
	at sun.reflect.DelegatingMethodAccessorImpl.invoke(DelegatingMethodAccessorImpl.java:43)
	at java.lang.reflect.Method.invoke(Method.java:498)
	at io.cucumber.java.Invoker.doInvoke(Invoker.java:66)
	at io.cucumber.java.Invoker.invoke(Invoker.java:24)
	at io.cucumber.java.AbstractGlueDefinition.invokeMethod(AbstractGlueDefinition.java:47)
	at io.cucumber.java.JavaStepDefinition.execute(JavaStepDefinition.java:29)
	at io.cucumber.core.runner.CoreStepDefinition.execute(CoreStepDefinition.java:66)
	at io.cucumber.core.runner.PickleStepDefinitionMatch.runStep(PickleStepDefinitionMatch.java:63)
	at io.cucumber.core.runner.ExecutionMode$1.execute(ExecutionMode.java:10)
	at io.cucumber.core.runner.TestStep.executeStep(TestStep.java:92)
	at io.cucumber.core.runner.TestStep.run(TestStep.java:64)
	at io.cucumber.core.runner.PickleStepTestStep.run(PickleStepTestStep.java:51)
	at io.cucumber.core.runner.TestCase.run(TestCase.java:104)
	at io.cucumber.core.runner.Runner.runPickle(Runner.java:71)
	at io.cucumber.testng.TestNGCucumberRunner.lambda$runScenario$0(TestNGCucumberRunner.java:116)
	at io.cucumber.core.runtime.CucumberExecutionContext.runTestCase(CucumberExecutionContext.java:117)
	at io.cucumber.testng.TestNGCucumberRunner.runScenario(TestNGCucumberRunner.java:113)
	at io.cucumber.testng.AbstractTestNGCucumberTests.runScenario(AbstractTestNGCucumberTests.java:31)
	at sun.reflect.NativeMethodAccessorImpl.invoke0(Native Method)
	at sun.reflect.NativeMethodAccessorImpl.invoke(NativeMethodAccessorImpl.java:62)
	at sun.reflect.DelegatingMethodAccessorImpl.invoke(DelegatingMethodAccessorImpl.java:43)
	at java.lang.reflect.Method.invoke(Method.java:498)
	at org.testng.internal.MethodInvocationHelper.invokeMethod(MethodInvocationHelper.java:124)
	at org.testng.internal.Invoker.invokeMethod(Invoker.java:583)
	at org.testng.internal.Invoker.invokeTestMethod(Invoker.java:719)
	at org.testng.internal.Invoker.invokeTestMethods(Invoker.java:989)
	at org.testng.internal.TestMethodWorker.invokeTestMethods(TestMethodWorker.java:125)
	at org.testng.internal.TestMethodWorker.run(TestMethodWorker.java:109)
	at java.util.concurrent.ThreadPoolExecutor.runWorker(ThreadPoolExecutor.java:1149)
	at java.util.concurrent.ThreadPoolExecutor$Worker.run(ThreadPoolExecutor.java:624)
	at java.lang.Thread.run(Thread.java:748)
&amp#27;[0m
  &amp#27;[36mThen &amp#27;[0m&amp#27;[36mse debe agregar correctamente el producto al carrito&amp#27;[0m                                                                                                                                                           &amp#27;[90m# automationcraft.testcreation.farmacia.steps.CarritoDeCompraSteps.se_debe_agregar_correctamente_el_producto_al_carrito()&amp#27;[0m
  &amp#27;[36mAnd &amp#27;[0m&amp#27;[36mver el carrito de compra en pantalla&amp#27;[0m                                                                                                                                                                            &amp#27;[90m# automationcraft.testcreation.farmacia.steps.CarritoDeCompraSteps.ver_el_carrito_de_compra_en_pantalla()&amp#27;[0m
  &amp#27;[36mGiven &amp#27;[0m&amp#27;[36mque el cliente estÃ¡ el en carrito de compras con al menos &amp#27;[0m&amp#27;[36m&amp#27;[1m1&amp#27;[0m&amp#27;[36m producto&amp#27;[0m                                                                                                                                          &amp#27;[90m# automationcraft.testcreation.farmacia.steps.CarritoDeCompraSteps.queElClienteEstÃ¡ElEnCarritoDeComprasConAlMenosProducto(int)&amp#27;[0m
  &amp#27;[36mWhen &amp#27;[0m&amp#27;[36mel cliente introduce un nÃºmero de tarjeta CMR invÃ¡lido&amp#27;[0m                                                                                                                                                         &amp#27;[90m# automationcraft.testcreation.farmacia.steps.CarritoDeCompraSteps.elClienteIntroduceUnNÃºmeroDeTarjetaCMRInvÃ¡lido()&amp#27;[0m
  &amp#27;[36mAnd &amp#27;[0m&amp#27;[36mhace clic en &amp#27;[0m&amp#27;[36m&amp#27;[1m"Aplicar"&amp#27;[0m                                                                                                                                                                                          &amp#27;[90m# automationcraft.testcreation.farmacia.steps.CarritoDeCompraSteps.hace_clic_en(java.lang.String)&amp#27;[0m
  &amp#27;[36mThen &amp#27;[0m&amp#27;[36mse despliega un mensaje de error en el carrito que dice &amp#27;[0m&amp#27;[36m&amp#27;[1m"El nÃºmero ingresado no es vÃ¡lido, recuerda ingresar los 6 primeros dÃ­gitos de tu CMR o DÃ©bito Banco Falabella para poder acceder al 25% de descuento"&amp#27;[0m &amp#27;[90m# automationcraft.testcreation.farmacia.steps.CarritoDeCompraSteps.seDespliegaUnMensajeDeErrorEnElCarritoQueDice(java.lang.String)&amp#27;[0m

    Embedding CA-03_-_Tarjeta_CMR [image/png 47358 bytes]

]]></system-out>
    <system-err><![CDATA[Starting ChromeDriver 97.0.4692.71 (adefa7837d02a07a604c1e6eff0b3a09422ab88d-refs/branch-heads/4692@{#1247}) on port 34823
Only local connections are allowed.
Please see https://chromedriver.chromium.org/security-considerations for suggestions on keeping ChromeDriver safe.
ChromeDriver was started successfully.
ene 12, 2022 2:30:53 AM org.openqa.selenium.remote.ProtocolHandshake createSession
INFORMACIÓN: Detected dialect: W3C
]]></system-err>
  </testcase>
</testsuite>