<?xml version="1.0" encoding="UTF-8"?>
<testsuite xmlns:xsi="http://www.w3.org/2001/XMLSchema-instance" xsi:noNamespaceSchemaLocation="https://maven.apache.org/surefire/maven-surefire-plugin/xsd/surefire-test-report.xsd" name="automationcraft.delivery.runners.google.GRunner" time="2.406" tests="2" errors="0" skipped="0" failures="2">
  <properties>
[...]
</properties>
  <testcase name="runScenario" classname="automationcraft.delivery.runners.google.GRunner" time="0.126">
    <failure message="Duplicate step definitions in automationcraft.testcreation.google.steps.GoogleSearchSteps.click_the_search_button() and automationcraft.testcreation.google.steps.GoogleSearchSteps2.click_the_search_button()" type="io.cucumber.core.runner.DuplicateStepDefinitionException">io.cucumber.core.runner.DuplicateStepDefinitionException: Duplicate step definitions in automationcraft.testcreation.google.steps.GoogleSearchSteps.click_the_search_button() and automationcraft.testcreation.google.steps.GoogleSearchSteps2.click_the_search_button()
</failure>
  </testcase>
  <testcase name="runScenario" classname="automationcraft.delivery.runners.google.GRunner" time="0">
    <failure message="Duplicate step definitions in automationcraft.testcreation.google.steps.GoogleSearchSteps.click_the_search_button() and automationcraft.testcreation.google.steps.GoogleSearchSteps2.click_the_search_button()" type="io.cucumber.core.runner.DuplicateStepDefinitionException">io.cucumber.core.runner.DuplicateStepDefinitionException: Duplicate step definitions in automationcraft.testcreation.google.steps.GoogleSearchSteps.click_the_search_button() and automationcraft.testcreation.google.steps.GoogleSearchSteps2.click_the_search_button()
</failure>
  </testcase>
</testsuite>